<?xml version="1.0" encoding="utf-8"?><testsuites name="pytest tests"><testsuite name="pytest" errors="0" failures="0" skipped="0" tests="23" time="54.302" timestamp="2026-03-25T09:08:17.002169+00:00" hostname="agent-env-2a627c48-8db0-46a9-b019-a8ed61ee8e71"><testcase classname="backend.tests.test_fruitee_api.TestAuthBusiness" name="test_business_registration_returns_tokens" time="27.542" /><testcase classname="backend.tests.test_fruitee_api.TestAuthBusiness" name="test_business_login" time="0.509" /><testcase classname="backend.tests.test_fruitee_api.TestAuthBusiness" name="test_get_me_business" time="11.638" /><testcase classname="backend.tests.test_fruitee_api.TestAuthInfluencer" name="test_influencer_registration_returns_tokens" time="0.488" /><testcase classname="backend.tests.test_fruitee_api.TestAuthInfluencer" name="test_influencer_login" time="0.471" /><testcase classname="backend.tests.test_fruitee_api.TestAuthInfluencer" name="test_get_me_influencer" time="0.335" /><testcase classname="backend.tests.test_fruitee_api.TestBusinessProfile" name="test_update_business_profile" time="0.849" /><testcase classname="backend.tests.test_fruitee_api.TestBusinessProfile" name="test_verify_business_profile_persisted" time="2.372" /><testcase classname="backend.tests.test_fruitee_api.TestInfluencerProfile" name="test_update_influencer_profile" time="2.952" /><testcase classname="backend.tests.test_fruitee_api.TestInfluencerProfile" name="test_verify_influencer_profile_persisted" time="0.340" /><testcase classname="backend.tests.test_fruitee_api.TestBusinessOnboarding" name="test_get_onboard_questions" time="0.807" /><testcase classname="backend.tests.test_fruitee_api.TestBusinessOnboarding" name="test_submit_business_onboarding" time="0.360" /><testcase classname="backend.tests.test_fruitee_api.TestInfluencerOnboarding" name="test_submit_influencer_onboarding" time="0.803" /><testcase classname="backend.tests.test_fruitee_api.TestBrands" name="test_create_brand" time="0.808" /><testcase classname="backend.tests.test_fruitee_api.TestBrands" name="test_list_brands" time="0.327" /><testcase classname="backend.tests.test_fruitee_api.TestBrands" name="test_get_brand" time="0.350" /><testcase classname="backend.tests.test_fruitee_api.TestBrands" name="test_update_brand" time="0.344" /><testcase classname="backend.tests.test_fruitee_api.TestBrands" name="test_update_brand_bio" time="0.339" /><testcase classname="backend.tests.test_fruitee_api.TestCampaigns" name="test_create_campaign" time="1.181" /><testcase classname="backend.tests.test_fruitee_api.TestCampaigns" name="test_list_campaigns" time="0.351" /><testcase classname="backend.tests.test_fruitee_api.TestCampaigns" name="test_get_campaign" time="0.336" /><testcase classname="backend.tests.test_fruitee_api.TestCampaigns" name="test_update_campaign_type" time="0.362" /><testcase classname="backend.tests.test_fruitee_api.TestCampaigns" name="test_update_campaign_plan" time="0.350" /></testsuite></testsuites>