<?xml version="1.0" encoding="utf-8"?><testsuites name="pytest tests"><testsuite name="pytest" errors="0" failures="0" skipped="0" tests="14" time="4.071" timestamp="2026-03-25T09:35:58.929812+00:00" hostname="agent-env-2a627c48-8db0-46a9-b019-a8ed61ee8e71"><testcase classname="backend.tests.test_stripe_endpoints.TestCampaignPrices" name="test_get_campaign_prices_returns_200" time="0.144" /><testcase classname="backend.tests.test_stripe_endpoints.TestCampaignPrices" name="test_campaign_prices_structure" time="0.101" /><testcase classname="backend.tests.test_stripe_endpoints.TestCampaignPrices" name="test_campaign_prices_has_three_durations" time="0.098" /><testcase classname="backend.tests.test_stripe_endpoints.TestCampaignPrices" name="test_campaign_prices_correct_values" time="0.102" /><testcase classname="backend.tests.test_stripe_endpoints.TestInfluencerCheckout" name="test_influencer_checkout_returns_url" time="0.610" /><testcase classname="backend.tests.test_stripe_endpoints.TestInfluencerCheckout" name="test_influencer_checkout_missing_origin" time="0.100" /><testcase classname="backend.tests.test_stripe_endpoints.TestCampaignCheckout" name="test_campaign_checkout_1_week" time="0.472" /><testcase classname="backend.tests.test_stripe_endpoints.TestCampaignCheckout" name="test_campaign_checkout_1_month" time="0.471" /><testcase classname="backend.tests.test_stripe_endpoints.TestCampaignCheckout" name="test_campaign_checkout_3_months" time="0.508" /><testcase classname="backend.tests.test_stripe_endpoints.TestCampaignCheckout" name="test_campaign_checkout_invalid_duration" time="0.095" /><testcase classname="backend.tests.test_stripe_endpoints.TestCampaignCheckout" name="test_campaign_checkout_missing_campaign_id" time="0.094" /><testcase classname="backend.tests.test_stripe_endpoints.TestCampaignCheckout" name="test_campaign_checkout_missing_duration" time="0.116" /><testcase classname="backend.tests.test_stripe_endpoints.TestCheckoutStatus" name="test_checkout_status_invalid_session" time="0.261" /><testcase classname="backend.tests.test_stripe_endpoints.TestCheckoutStatus" name="test_checkout_status_valid_session" time="0.832" /></testsuite></testsuites>